<?xml version="1.0" encoding="UTF-8" ?>
<testsuite tests="3" failures="0" name="runners.TestRunner" time="45.387" errors="1" skipped="0">
  <properties>
    <property name="java.runtime.name" value="Java(TM) SE Runtime Environment"/>
    <property name="java.vm.version" value="14.0.2+12-46"/>
    <property name="sun.boot.library.path" value="C:\Program Files\Java\jdk-14.0.2\bin"/>
    <property name="maven.multiModuleProjectDirectory" value="E:\Workspace_testVagrant\bdd"/>
    <property name="java.vm.vendor" value="Oracle Corporation"/>
    <property name="java.vendor.url" value="https://java.oracle.com/"/>
    <property name="guice.disable.misplaced.annotation.check" value="true"/>
    <property name="path.separator" value=";"/>
    <property name="java.vm.name" value="Java HotSpot(TM) 64-Bit Server VM"/>
    <property name="sun.os.patch.level" value=""/>
    <property name="user.script" value=""/>
    <property name="user.country" value="IN"/>
    <property name="sun.java.launcher" value="SUN_STANDARD"/>
    <property name="java.vm.specification.name" value="Java Virtual Machine Specification"/>
    <property name="user.dir" value="E:\Workspace_testVagrant\bdd"/>
    <property name="java.vm.compressedOopsMode" value="Zero based"/>
    <property name="java.runtime.version" value="14.0.2+12-46"/>
    <property name="os.arch" value="amd64"/>
    <property name="java.io.tmpdir" value="C:\Users\admin\AppData\Local\Temp\"/>
    <property name="line.separator" value="
"/>
    <property name="java.vm.specification.vendor" value="Oracle Corporation"/>
    <property name="user.variant" value=""/>
    <property name="os.name" value="Windows 10"/>
    <property name="classworlds.conf" value="E:\Workspace_testVagrant\.metadata\.plugins\org.eclipse.m2e.launching\launches\m2conf16990772473129738669.tmp"/>
    <property name="sun.jnu.encoding" value="Cp1252"/>
    <property name="java.library.path" value="C:\Program Files\Java\jdk-14.0.2\bin;C:\Windows\Sun\Java\bin;C:\Windows\system32;C:\Windows;C:/Program Files/Java/jdk-14.0.2/bin/server;C:/Program Files/Java/jdk-14.0.2/bin;C:\Windows\system32;C:\Windows;C:\Windows\System32\Wbem;C:\Windows\System32\WindowsPowerShell\v1.0\;C:\Windows\System32\OpenSSH\;C:\Program Files\nodejs\;C:\Program Files\PuTTY\;C:\Program Files\Git\cmd;C:\Program Files\TortoiseGit\bin;C:\Program Files\Java\jdk-14.0.2\bin;C:\Users\admin\AppData\Local\Microsoft\WindowsApps;C:\Users\admin\AppData\Roaming\npm;C:\Users\admin\AppData\Local\Programs\Microsoft VS Code\bin;C:\Users\admin\Desktop;;."/>
    <property name="jdk.debug" value="release"/>
    <property name="java.class.version" value="58.0"/>
    <property name="java.specification.name" value="Java Platform API Specification"/>
    <property name="sun.management.compiler" value="HotSpot 64-Bit Tiered Compilers"/>
    <property name="os.version" value="10.0"/>
    <property name="user.home" value="C:\Users\admin"/>
    <property name="user.timezone" value="Asia/Calcutta"/>
    <property name="file.encoding" value="Cp1252"/>
    <property name="java.specification.version" value="14"/>
    <property name="user.name" value="admin"/>
    <property name="java.class.path" value="C:\Users\admin\.p2\pool\plugins\org.eclipse.m2e.maven.runtime_1.16.0.20200610-1735\jars\plexus-classworlds-2.6.0.jar"/>
    <property name="java.vm.specification.version" value="14"/>
    <property name="sun.arch.data.model" value="64"/>
    <property name="sun.java.command" value="org.codehaus.plexus.classworlds.launcher.Launcher -B test"/>
    <property name="java.home" value="C:\Program Files\Java\jdk-14.0.2"/>
    <property name="user.language" value="en"/>
    <property name="java.specification.vendor" value="Oracle Corporation"/>
    <property name="java.vm.info" value="mixed mode, sharing"/>
    <property name="java.version" value="14.0.2"/>
    <property name="java.vendor" value="Oracle Corporation"/>
    <property name="maven.home" value="E:\Workspace_testVagrant\bdd\EMBEDDED"/>
    <property name="file.separator" value="\"/>
    <property name="java.version.date" value="2020-07-14"/>
    <property name="java.vendor.url.bug" value="https://bugreport.java.com/bugreport/"/>
    <property name="sun.io.unicode.encoding" value="UnicodeLittle"/>
    <property name="sun.cpu.endian" value="little"/>
    <property name="sun.cpu.isalist" value="amd64"/>
  </properties>
  <testcase classname="Get city temperature from weather map API" name="Get temperature of Ahmedabad city" time="9.01"/>
  <testcase classname="Find city temperature using NDTV weather app" name="Find temperature of Ahmedabad city" time="16.385"/>
  <testcase classname="Compare city temperature between UI and API" name="Find temperature of Ahmedabad city on both UI and API and check if the difference is more than the threshold" time="19.992">
    <error message="Temperature Difference more than threshold" type="com.ndtv.qa.glue.MatcherException">com.ndtv.qa.glue.MatcherException: Temperature Difference more than threshold
	at com.ndtv.qa.glue.Weather_StepDef.check_if_the_difference_is_more_than_a_threshold(Weather_StepDef.java:151)
	at ✽.Check if the difference is more than a threshold(file:///E:/Workspace_testVagrant/bdd/./src/test/resource/features/Compare.feature:16)
</error>
    <system-out>
@phase3 @Temperature @web @api @functional
Scenario: Find temperature of Ahmedabad city on both UI and API and check if the difference is more than the threshold &amp;#27;[90m# src/test/resource/features/Compare.feature:8&amp;#27;[0m
  &amp;#27;[32mGiven &amp;#27;[0m&amp;#27;[32mOn the ndtv landing page&amp;#27;[0m                                                                                       &amp;#27;[90m# com.ndtv.qa.glue.Weather_StepDef.on_the_ndtv_landing_page()&amp;#27;[0m
  &amp;#27;[32mAnd &amp;#27;[0m&amp;#27;[32mOpen submenu&amp;#27;[0m                                                                                                     &amp;#27;[90m# com.ndtv.qa.glue.Weather_StepDef.open_submenu()&amp;#27;[0m
  &amp;#27;[32mAnd &amp;#27;[0m&amp;#27;[32mClick on the weather button&amp;#27;[0m                                                                                      &amp;#27;[90m# com.ndtv.qa.glue.Weather_StepDef.click_on_the_weather_button()&amp;#27;[0m
  &amp;#27;[32mAnd &amp;#27;[0m&amp;#27;[32mSelect Ahmedabad city in the pin your city section&amp;#27;[0m                                                               &amp;#27;[90m# com.ndtv.qa.glue.Weather_StepDef.select_ahmedabad_city_in_the_pin_your_city_section()&amp;#27;[0m
  &amp;#27;[32mAnd &amp;#27;[0m&amp;#27;[32mVerify that Ahmedabad city shows up on the map&amp;#27;[0m                                                                   &amp;#27;[90m# com.ndtv.qa.glue.Weather_StepDef.verify_that_ahmedabad_city_shows_up_on_the_map()&amp;#27;[0m
  &amp;#27;[32mAnd &amp;#27;[0m&amp;#27;[32mOpen the Ahmedabad city weather pop up and get the temperature and store&amp;#27;[0m                                         &amp;#27;[90m# com.ndtv.qa.glue.Weather_StepDef.open_the_ahmedabad_city_weather_pop_up_and_get_the_temperature_and_store()&amp;#27;[0m
  &amp;#27;[32mAnd &amp;#27;[0m&amp;#27;[32mGet the city temperature of Ahmedabad in celsius and store&amp;#27;[0m                                                       &amp;#27;[90m# com.ndtv.qa.glue.Weather_StepDef.get_the_city_temperature_of_ahmedabad_in_celsius_and_store()&amp;#27;[0m
  &amp;#27;[31mThen &amp;#27;[0m&amp;#27;[31mCheck if the difference is more than a threshold&amp;#27;[0m                                                                &amp;#27;[90m# com.ndtv.qa.glue.Weather_StepDef.check_if_the_difference_is_more_than_a_threshold()&amp;#27;[0m
      &amp;#27;[31mcom.ndtv.qa.glue.MatcherException: Temperature Difference more than threshold
	at com.ndtv.qa.glue.Weather_StepDef.check_if_the_difference_is_more_than_a_threshold(Weather_StepDef.java:151)
	at âœ½.Check if the difference is more than a threshold(file:///E:/Workspace_testVagrant/bdd/./src/test/resource/features/Compare.feature:16)
&amp;#27;[0m

    Embedding errorImage [image/png 1278347 bytes]

</system-out>
    <system-err>Starting ChromeDriver 85.0.4183.87 (cd6713ebf92fa1cacc0f1a598df280093af0c5d7-refs/branch-heads/4183@{#1689}) on port 5990
Only local connections are allowed.
Please see https://chromedriver.chromium.org/security-considerations for suggestions on keeping ChromeDriver safe.
ChromeDriver was started successfully.
Sep 02, 2020 8:32:39 PM org.openqa.selenium.remote.ProtocolHandshake createSession
INFO: Detected dialect: W3C
</system-err>
  </testcase>
</testsuite>